{"C:\\Users\\victo\\OneDrive\\Documentos\\Estudo\\Onebitcode\\Testes automatizados no Javascript\\black-personal-finances-miniapp\\src\\App.js": {"path":"C:\\Users\\victo\\OneDrive\\Documentos\\Estudo\\Onebitcode\\Testes automatizados no Javascript\\black-personal-finances-miniapp\\src\\App.js","statementMap":{"0":{"start":{"line":1,"column":20},"end":{"line":1,"column":44}},"1":{"start":{"line":2,"column":15},"end":{"line":2,"column":34}},"2":{"start":{"line":6,"column":8},"end":{"line":10,"column":9}},"3":{"start":{"line":14,"column":8},"end":{"line":14,"column":54}},"4":{"start":{"line":18,"column":28},"end":{"line":18,"column":58}},"5":{"start":{"line":19,"column":8},"end":{"line":19,"column":96}},"6":{"start":{"line":19,"column":41},"end":{"line":19,"column":67}},"7":{"start":{"line":20,"column":8},"end":{"line":20,"column":32}},"8":{"start":{"line":24,"column":28},"end":{"line":24,"column":57}},"9":{"start":{"line":25,"column":8},"end":{"line":25,"column":96}},"10":{"start":{"line":25,"column":41},"end":{"line":25,"column":67}},"11":{"start":{"line":26,"column":8},"end":{"line":26,"column":32}},"12":{"start":{"line":30,"column":0},"end":{"line":30,"column":20}}},"fnMap":{"0":{"name":"(anonymous_0)","decl":{"start":{"line":5,"column":4},"end":{"line":5,"column":5}},"loc":{"start":{"line":5,"column":26},"end":{"line":11,"column":5}},"line":5},"1":{"name":"(anonymous_1)","decl":{"start":{"line":13,"column":4},"end":{"line":13,"column":5}},"loc":{"start":{"line":13,"column":26},"end":{"line":15,"column":5}},"line":13},"2":{"name":"(anonymous_2)","decl":{"start":{"line":17,"column":4},"end":{"line":17,"column":5}},"loc":{"start":{"line":17,"column":38},"end":{"line":21,"column":5}},"line":17},"3":{"name":"(anonymous_3)","decl":{"start":{"line":19,"column":31},"end":{"line":19,"column":32}},"loc":{"start":{"line":19,"column":41},"end":{"line":19,"column":67}},"line":19},"4":{"name":"(anonymous_4)","decl":{"start":{"line":23,"column":4},"end":{"line":23,"column":5}},"loc":{"start":{"line":23,"column":42},"end":{"line":27,"column":5}},"line":23},"5":{"name":"(anonymous_5)","decl":{"start":{"line":25,"column":31},"end":{"line":25,"column":32}},"loc":{"start":{"line":25,"column":41},"end":{"line":25,"column":67}},"line":25}},"branchMap":{},"s":{"0":2,"1":2,"2":4,"3":3,"4":1,"5":1,"6":1,"7":1,"8":1,"9":1,"10":1,"11":1,"12":2},"f":{"0":4,"1":3,"2":1,"3":1,"4":1,"5":1},"b":{},"_coverageSchema":"1a1c01bbd47fc00a2c39e90264f33305004495a9","hash":"5c0b1b21c000959f1028913ed825163318e0e31f"}
,"C:\\Users\\victo\\OneDrive\\Documentos\\Estudo\\Onebitcode\\Testes automatizados no Javascript\\black-personal-finances-miniapp\\src\\Transaction.js": {"path":"C:\\Users\\victo\\OneDrive\\Documentos\\Estudo\\Onebitcode\\Testes automatizados no Javascript\\black-personal-finances-miniapp\\src\\Transaction.js","statementMap":{"0":{"start":{"line":1,"column":27},"end":{"line":1,"column":45}},"1":{"start":{"line":5,"column":8},"end":{"line":5,"column":86}},"2":{"start":{"line":5,"column":39},"end":{"line":5,"column":86}},"3":{"start":{"line":6,"column":8},"end":{"line":6,"column":86}},"4":{"start":{"line":6,"column":39},"end":{"line":6,"column":86}},"5":{"start":{"line":7,"column":8},"end":{"line":7,"column":95}},"6":{"start":{"line":7,"column":36},"end":{"line":7,"column":95}},"7":{"start":{"line":9,"column":8},"end":{"line":9,"column":26}},"8":{"start":{"line":10,"column":8},"end":{"line":10,"column":44}},"9":{"start":{"line":11,"column":8},"end":{"line":11,"column":35}},"10":{"start":{"line":15,"column":8},"end":{"line":15,"column":31}},"11":{"start":{"line":19,"column":0},"end":{"line":19,"column":28}}},"fnMap":{"0":{"name":"(anonymous_0)","decl":{"start":{"line":4,"column":4},"end":{"line":4,"column":5}},"loc":{"start":{"line":4,"column":30},"end":{"line":12,"column":5}},"line":4},"1":{"name":"(anonymous_1)","decl":{"start":{"line":14,"column":4},"end":{"line":14,"column":5}},"loc":{"start":{"line":14,"column":15},"end":{"line":16,"column":5}},"line":14}},"branchMap":{"0":{"loc":{"start":{"line":5,"column":8},"end":{"line":5,"column":86}},"type":"if","locations":[{"start":{"line":5,"column":8},"end":{"line":5,"column":86}},{"start":{},"end":{}}],"line":5},"1":{"loc":{"start":{"line":6,"column":8},"end":{"line":6,"column":86}},"type":"if","locations":[{"start":{"line":6,"column":8},"end":{"line":6,"column":86}},{"start":{},"end":{}}],"line":6},"2":{"loc":{"start":{"line":7,"column":8},"end":{"line":7,"column":95}},"type":"if","locations":[{"start":{"line":7,"column":8},"end":{"line":7,"column":95}},{"start":{},"end":{}}],"line":7}},"s":{"0":3,"1":8,"2":1,"3":7,"4":1,"5":6,"6":1,"7":5,"8":5,"9":5,"10":3,"11":3},"f":{"0":8,"1":3},"b":{"0":[1,7],"1":[1,6],"2":[1,5]},"_coverageSchema":"1a1c01bbd47fc00a2c39e90264f33305004495a9","hash":"a336db685e06953de5d203e937bcd78f1136d3bd"}
,"C:\\Users\\victo\\OneDrive\\Documentos\\Estudo\\Onebitcode\\Testes automatizados no Javascript\\black-personal-finances-miniapp\\src\\Wallet.js": {"path":"C:\\Users\\victo\\OneDrive\\Documentos\\Estudo\\Onebitcode\\Testes automatizados no Javascript\\black-personal-finances-miniapp\\src\\Wallet.js","statementMap":{"0":{"start":{"line":3,"column":8},"end":{"line":3,"column":24}},"1":{"start":{"line":4,"column":8},"end":{"line":4,"column":24}},"2":{"start":{"line":5,"column":8},"end":{"line":5,"column":30}},"3":{"start":{"line":9,"column":8},"end":{"line":9,"column":33}},"4":{"start":{"line":13,"column":8},"end":{"line":13,"column":43}},"5":{"start":{"line":14,"column":8},"end":{"line":14,"column":41}},"6":{"start":{"line":18,"column":21},"end":{"line":18,"column":157}},"7":{"start":{"line":18,"column":61},"end":{"line":18,"column":156}},"8":{"start":{"line":19,"column":22},"end":{"line":19,"column":78}},"9":{"start":{"line":19,"column":51},"end":{"line":19,"column":74}},"10":{"start":{"line":20,"column":8},"end":{"line":20,"column":30}},"11":{"start":{"line":24,"column":21},"end":{"line":24,"column":157}},"12":{"start":{"line":24,"column":61},"end":{"line":24,"column":156}},"13":{"start":{"line":25,"column":22},"end":{"line":25,"column":83}},"14":{"start":{"line":25,"column":56},"end":{"line":25,"column":79}},"15":{"start":{"line":26,"column":8},"end":{"line":26,"column":30}},"16":{"start":{"line":30,"column":0},"end":{"line":30,"column":23}}},"fnMap":{"0":{"name":"(anonymous_0)","decl":{"start":{"line":2,"column":4},"end":{"line":2,"column":5}},"loc":{"start":{"line":2,"column":37},"end":{"line":6,"column":5}},"line":2},"1":{"name":"(anonymous_1)","decl":{"start":{"line":8,"column":4},"end":{"line":8,"column":5}},"loc":{"start":{"line":8,"column":17},"end":{"line":10,"column":5}},"line":8},"2":{"name":"(anonymous_2)","decl":{"start":{"line":12,"column":4},"end":{"line":12,"column":5}},"loc":{"start":{"line":12,"column":32},"end":{"line":15,"column":5}},"line":12},"3":{"name":"(anonymous_3)","decl":{"start":{"line":17,"column":4},"end":{"line":17,"column":5}},"loc":{"start":{"line":17,"column":65},"end":{"line":21,"column":5}},"line":17},"4":{"name":"(anonymous_4)","decl":{"start":{"line":18,"column":46},"end":{"line":18,"column":47}},"loc":{"start":{"line":18,"column":61},"end":{"line":18,"column":156}},"line":18},"5":{"name":"(anonymous_5)","decl":{"start":{"line":19,"column":34},"end":{"line":19,"column":35}},"loc":{"start":{"line":19,"column":51},"end":{"line":19,"column":74}},"line":19},"6":{"name":"(anonymous_6)","decl":{"start":{"line":23,"column":4},"end":{"line":23,"column":5}},"loc":{"start":{"line":23,"column":66},"end":{"line":27,"column":5}},"line":23},"7":{"name":"(anonymous_7)","decl":{"start":{"line":24,"column":46},"end":{"line":24,"column":47}},"loc":{"start":{"line":24,"column":61},"end":{"line":24,"column":156}},"line":24},"8":{"name":"(anonymous_8)","decl":{"start":{"line":25,"column":39},"end":{"line":25,"column":40}},"loc":{"start":{"line":25,"column":56},"end":{"line":25,"column":79}},"line":25}},"branchMap":{"0":{"loc":{"start":{"line":2,"column":16},"end":{"line":2,"column":35}},"type":"default-arg","locations":[{"start":{"line":2,"column":23},"end":{"line":2,"column":35}}],"line":2},"1":{"loc":{"start":{"line":17,"column":18},"end":{"line":17,"column":41}},"type":"default-arg","locations":[{"start":{"line":17,"column":30},"end":{"line":17,"column":41}}],"line":17},"2":{"loc":{"start":{"line":17,"column":43},"end":{"line":17,"column":63}},"type":"default-arg","locations":[{"start":{"line":17,"column":53},"end":{"line":17,"column":63}}],"line":17},"3":{"loc":{"start":{"line":18,"column":61},"end":{"line":18,"column":156}},"type":"binary-expr","locations":[{"start":{"line":18,"column":61},"end":{"line":18,"column":82}},{"start":{"line":18,"column":86},"end":{"line":18,"column":120}},{"start":{"line":18,"column":124},"end":{"line":18,"column":156}}],"line":18},"4":{"loc":{"start":{"line":23,"column":19},"end":{"line":23,"column":42}},"type":"default-arg","locations":[{"start":{"line":23,"column":31},"end":{"line":23,"column":42}}],"line":23},"5":{"loc":{"start":{"line":23,"column":44},"end":{"line":23,"column":64}},"type":"default-arg","locations":[{"start":{"line":23,"column":54},"end":{"line":23,"column":64}}],"line":23},"6":{"loc":{"start":{"line":24,"column":61},"end":{"line":24,"column":156}},"type":"binary-expr","locations":[{"start":{"line":24,"column":61},"end":{"line":24,"column":82}},{"start":{"line":24,"column":86},"end":{"line":24,"column":120}},{"start":{"line":24,"column":124},"end":{"line":24,"column":156}}],"line":24}},"s":{"0":16,"1":16,"2":16,"3":4,"4":21,"5":21,"6":4,"7":8,"8":4,"9":5,"10":4,"11":4,"12":8,"13":4,"14":5,"15":4,"16":3},"f":{"0":16,"1":4,"2":21,"3":4,"4":8,"5":5,"6":4,"7":8,"8":5},"b":{"0":[13],"1":[2],"2":[3],"3":[8,7,6],"4":[2],"5":[3],"6":[8,7,6]},"_coverageSchema":"1a1c01bbd47fc00a2c39e90264f33305004495a9","hash":"90ec81037271bca3699e4a5bacb4518d19e102d9"}
,"C:\\Users\\victo\\OneDrive\\Documentos\\Estudo\\Onebitcode\\Testes automatizados no Javascript\\black-personal-finances-miniapp\\src\\utils.js": {"path":"C:\\Users\\victo\\OneDrive\\Documentos\\Estudo\\Onebitcode\\Testes automatizados no Javascript\\black-personal-finances-miniapp\\src\\utils.js","statementMap":{"0":{"start":{"line":1,"column":0},"end":{"line":6,"column":1}},"1":{"start":{"line":2,"column":4},"end":{"line":2,"column":45}},"2":{"start":{"line":2,"column":34},"end":{"line":2,"column":45}},"3":{"start":{"line":3,"column":4},"end":{"line":3,"column":55}},"4":{"start":{"line":3,"column":44},"end":{"line":3,"column":55}},"5":{"start":{"line":4,"column":4},"end":{"line":4,"column":60}},"6":{"start":{"line":4,"column":49},"end":{"line":4,"column":60}},"7":{"start":{"line":5,"column":4},"end":{"line":5,"column":16}}},"fnMap":{"0":{"name":"(anonymous_0)","decl":{"start":{"line":1,"column":25},"end":{"line":1,"column":26}},"loc":{"start":{"line":1,"column":37},"end":{"line":6,"column":1}},"line":1}},"branchMap":{"0":{"loc":{"start":{"line":2,"column":4},"end":{"line":2,"column":45}},"type":"if","locations":[{"start":{"line":2,"column":4},"end":{"line":2,"column":45}},{"start":{},"end":{}}],"line":2},"1":{"loc":{"start":{"line":3,"column":4},"end":{"line":3,"column":55}},"type":"if","locations":[{"start":{"line":3,"column":4},"end":{"line":3,"column":55}},{"start":{},"end":{}}],"line":3},"2":{"loc":{"start":{"line":4,"column":4},"end":{"line":4,"column":60}},"type":"if","locations":[{"start":{"line":4,"column":4},"end":{"line":4,"column":60}},{"start":{},"end":{}}],"line":4}},"s":{"0":4,"1":11,"2":3,"3":8,"4":1,"5":7,"6":4,"7":3},"f":{"0":11},"b":{"0":[3,8],"1":[1,7],"2":[4,3]},"_coverageSchema":"1a1c01bbd47fc00a2c39e90264f33305004495a9","hash":"be2da9242f14cdeed104445e00b1f5c7dabd029f"}
}
